<?xml version="1.0" encoding="UTF-8"?>
<!-- Generated by org.testng.reporters.JUnitReportReporter -->
<testsuite hostname="BHUKRK587166L" failures="0" tests="3" name="Accelerate.Task100497" time="4.047" errors="0" timestamp="26 Jul 2023 17:12:21 GMT" skipped="0">
  <testcase classname="Accelerate.Task100497" name="f" time="0.007"/>
  <testcase classname="Accelerate.Task100497" name="f" time="0.003"/>
  <testcase classname="Accelerate.Task100497" name="module1" time="4.037"/>
</testsuite> <!-- Accelerate.Task100497 -->
