<?xml version="1.0" encoding="UTF-8"?>
<!-- Generated by org.testng.reporters.JUnitReportReporter -->
<testsuite hostname="BHUKRK587166L" failures="0" tests="1" name="Accelerate100578.gumtree" time="39.200" errors="0" timestamp="25 May 2023 16:16:17 GMT" skipped="0">
  <testcase classname="Accelerate100578.gumtree" name="module1" time="39.200"/>
</testsuite> <!-- Accelerate100578.gumtree -->
