<?xml version="1.0" encoding="UTF-8"?>
<!-- Generated by org.testng.reporters.JUnitReportReporter -->
<testsuite hostname="BHUKRK587166L" failures="0" tests="1" name="Day1.Demo3" time="2.045" errors="0" timestamp="25 Nov 2022 13:36:00 GMT" skipped="0">
  <testcase classname="Day1.Demo3" name="f" time="2.045"/>
</testsuite> <!-- Day1.Demo3 -->
