<?xml version="1.0" encoding="UTF-8"?>
<!-- Generated by org.testng.reporters.JUnitReportReporter -->
<testsuite hostname="BHUKRK587166L" failures="0" tests="1" name="Day1.ResponseProp" time="1.253" errors="0" timestamp="02 Mar 2023 07:29:37 GMT" skipped="0">
  <testcase classname="Day1.ResponseProp" name="f" time="1.253"/>
</testsuite> <!-- Day1.ResponseProp -->
