<?xml version="1.0" encoding="UTF-8"?>
<!-- Generated by org.testng.reporters.JUnitReportReporter -->
<testsuite hostname="BHUKRK587166L" failures="0" tests="1" name="Day1.Demo6" time="2.024" errors="0" timestamp="24 Nov 2022 07:21:39 GMT" skipped="0">
  <testcase classname="Day1.Demo6" name="f" time="2.024"/>
</testsuite> <!-- Day1.Demo6 -->
