<?xml version="1.0" encoding="UTF-8"?>
<!-- Generated by org.testng.reporters.JUnitReportReporter -->
<testsuite hostname="BHUKRK587166L" failures="0" tests="1" name="Day1.test1" time="1.034" errors="0" timestamp="24 Nov 2022 04:41:41 GMT" skipped="0">
  <testcase classname="Day1.test1" name="f" time="1.034"/>
</testsuite> <!-- Day1.test1 -->
