<?xml version="1.0" encoding="UTF-8"?>
<!-- Generated by org.testng.reporters.JUnitReportReporter -->
<testsuite hostname="BHUKRK587166L" failures="0" tests="1" name="Day2.patch" time="4.398" errors="0" timestamp="28 Dec 2022 05:45:25 GMT" skipped="0">
  <testcase classname="Day2.patch" name="f" time="4.398"/>
</testsuite> <!-- Day2.patch -->
