<?xml version="1.0" encoding="UTF-8"?>
<!-- Generated by org.testng.reporters.JUnitReportReporter -->
<testsuite hostname="BHUKRK587166L" failures="0" tests="1" name="Day1.Demo5" time="2.772" errors="0" timestamp="25 Nov 2022 16:33:03 GMT" skipped="0">
  <testcase classname="Day1.Demo5" name="f" time="2.772"/>
</testsuite> <!-- Day1.Demo5 -->
