<?xml version="1.0" encoding="UTF-8"?>
<!-- Generated by org.testng.reporters.JUnitReportReporter -->
<testsuite hostname="BHUKRK587166L" failures="0" tests="1" name="Day2.Demo3" time="0.947" errors="0" timestamp="25 Nov 2022 05:34:17 GMT" skipped="0">
  <testcase classname="Day2.Demo3" name="f" time="0.947"/>
</testsuite> <!-- Day2.Demo3 -->
