<?xml version="1.0" encoding="UTF-8"?>
<!-- Generated by org.testng.reporters.JUnitReportReporter -->
<testsuite hostname="BHUKRK587166L" failures="0" tests="1" name="Day1.Get" time="1.941" errors="0" timestamp="16 Aug 2023 06:37:37 GMT" skipped="0">
  <testcase classname="Day1.Get" name="f" time="1.941"/>
</testsuite> <!-- Day1.Get -->
