<?xml version="1.0" encoding="UTF-8"?>
<!-- Generated by org.testng.reporters.JUnitReportReporter -->
<testsuite hostname="BHUKRK587166L" failures="0" tests="1" name="Day1.Get2" time="5.233" errors="0" timestamp="09 Jan 2023 06:25:00 GMT" skipped="0">
  <testcase classname="Day1.Get2" name="f" time="5.233"/>
</testsuite> <!-- Day1.Get2 -->
