<?xml version="1.0" encoding="UTF-8"?>
<!-- Generated by org.testng.reporters.JUnitReportReporter -->
<testsuite hostname="BHUKRK587166L" failures="0" tests="1" name="Day1.Demo4" time="1.081" errors="0" timestamp="24 Nov 2022 05:52:02 GMT" skipped="0">
  <testcase classname="Day1.Demo4" name="f" time="1.081"/>
</testsuite> <!-- Day1.Demo4 -->
