<?xml version="1.0" encoding="UTF-8"?>
<!-- Generated by org.testng.reporters.JUnitReportReporter -->
<testsuite hostname="BHUKRK587166L" failures="0" tests="1" name="Day2.Demo2" time="1.831" errors="0" timestamp="25 Nov 2022 17:37:46 GMT" skipped="0">
  <testcase classname="Day2.Demo2" name="f" time="1.831"/>
</testsuite> <!-- Day2.Demo2 -->
