<?xml version="1.0" encoding="UTF-8"?>
<!-- Generated by org.testng.reporters.JUnitReportReporter -->
<testsuite hostname="BHUKRK587166L" failures="0" tests="1" name="Day2.put" time="3.197" errors="0" timestamp="28 Dec 2022 05:24:06 GMT" skipped="0">
  <testcase classname="Day2.put" name="f" time="3.197"/>
</testsuite> <!-- Day2.put -->
