<?xml version="1.0" encoding="UTF-8"?>
<!-- Generated by org.testng.reporters.JUnitReportReporter -->
<testsuite hostname="BHUKRK587166L" failures="0" tests="1" name="Day2.Post" time="1.873" errors="0" timestamp="28 Dec 2022 04:34:26 GMT" skipped="0">
  <testcase classname="Day2.Post" name="f" time="1.873"/>
</testsuite> <!-- Day2.Post -->
