<?xml version="1.0" encoding="UTF-8"?>
<!-- Generated by org.testng.reporters.JUnitReportReporter -->
<testsuite hostname="BHUKRK587166L" failures="0" tests="3" name="Demo.register" time="36.014" errors="0" timestamp="16 Nov 2022 07:14:25 GMT" skipped="0">
  <testcase classname="Demo.register" name="validateRegister" time="4.268"/>
  <testcase classname="Demo.register" name="addToCart" time="21.241"/>
  <testcase classname="Demo.register" name="billing" time="10.505"/>
</testsuite> <!-- Demo.register -->
