<?xml version="1.0" encoding="UTF-8"?>
<!-- Generated by org.testng.reporters.JUnitReportReporter -->
<testsuite hostname="BHUKRK587166L" failures="0" tests="2" name="Testng.Demo9" time="0.022" errors="0" timestamp="26 Oct 2022 05:40:10 GMT" skipped="0">
  <testcase classname="Testng.Demo9" name="f1" time="0.020"/>
  <testcase classname="Testng.Demo9" name="f2" time="0.002"/>
</testsuite> <!-- Testng.Demo9 -->
