<?xml version="1.0" encoding="UTF-8"?>
<!-- Generated by org.testng.reporters.JUnitReportReporter -->
<testsuite hostname="BHUKRK587166L" failures="0" tests="2" name="Day1.ParallelTest" time="19.356" errors="0" timestamp="29 Nov 2022 16:56:37 GMT" skipped="0">
  <testcase classname="Day1.ParallelTest" name="f1" time="9.728"/>
  <testcase classname="Day1.ParallelTest" name="f" time="9.628"/>
</testsuite> <!-- Day1.ParallelTest -->
