<?xml version="1.0" encoding="UTF-8"?>
<!-- Generated by org.testng.reporters.JUnitReportReporter -->
<testsuite hostname="BHUKRK587166L" failures="0" tests="1" name="Day1.Listnertest" time="0.021" errors="0" timestamp="17 Apr 2023 14:31:06 GMT" skipped="0">
  <testcase classname="Day1.Listnertest" name="f" time="0.021"/>
</testsuite> <!-- Day1.Listnertest -->
