<?xml version="1.0" encoding="UTF-8"?>
<!-- Generated by org.testng.reporters.JUnitReportReporter -->
<testsuite hostname="BHUKRK587166L" failures="0" tests="1" name="POM.LogDemo" time="5.214" errors="0" timestamp="08 Nov 2022 05:14:57 GMT" skipped="0">
  <testcase classname="POM.LogDemo" name="f" time="5.214"/>
</testsuite> <!-- POM.LogDemo -->
