<?xml version="1.0" encoding="UTF-8"?>
<!-- Generated by org.testng.reporters.JUnitReportReporter -->
<testsuite hostname="BHUKRK587166L" failures="0" tests="1" name="Day1.Listners" time="0.012" errors="0" timestamp="17 Apr 2023 14:25:02 GMT" skipped="0">
  <testcase classname="Day1.Listners" name="f" time="0.012"/>
</testsuite> <!-- Day1.Listners -->
