<?xml version="1.0" encoding="UTF-8"?>
<!-- Generated by org.testng.reporters.JUnitReportReporter -->
<testsuite hostname="BHUKRK587166L" failures="0" tests="3" name="Day1.Demo8" time="0.023" errors="0" timestamp="10 Nov 2022 08:21:18 GMT" skipped="0">
  <testcase classname="Day1.Demo8" name="logout" time="0.018"/>
  <testcase classname="Day1.Demo8" name="homePage" time="0.003"/>
  <testcase classname="Day1.Demo8" name="login" time="0.002"/>
</testsuite> <!-- Day1.Demo8 -->
