<?xml version="1.0" encoding="UTF-8"?>
<!-- Generated by org.testng.reporters.JUnitReportReporter -->
<testsuite hostname="BHUKRK587166L" failures="0" tests="2" name="Testng.Demo" time="0.021" errors="0" timestamp="18 Oct 2022 07:12:13 GMT" skipped="0">
  <testcase classname="Testng.Demo" name="f2" time="0.007"/>
  <testcase classname="Testng.Demo" name="f1" time="0.014"/>
</testsuite> <!-- Testng.Demo -->
