<?xml version="1.0" encoding="UTF-8"?>
<!-- Generated by org.testng.reporters.JUnitReportReporter -->
<testsuite hostname="BHUKRK587166L" failures="0" tests="3" name="Testng.Demo3" time="0.017" errors="0" timestamp="26 Oct 2022 05:36:21 GMT" skipped="0">
  <testcase classname="Testng.Demo3" name="f" time="0.005"/>
  <testcase classname="Testng.Demo3" name="f2" time="0.008"/>
  <testcase classname="Testng.Demo3" name="f1" time="0.004"/>
</testsuite> <!-- Testng.Demo3 -->
