<?xml version="1.0" encoding="UTF-8"?>
<!-- Generated by org.testng.reporters.JUnitReportReporter -->
<testsuite hostname="BHUKRK587166L" failures="0" tests="1" name="POM.ReporterDemo" time="9.518" errors="0" timestamp="20 Oct 2022 06:01:25 GMT" skipped="0">
  <testcase classname="POM.ReporterDemo" name="f" time="9.518"/>
</testsuite> <!-- POM.ReporterDemo -->
