<?xml version="1.0" encoding="UTF-8"?>
<!-- Generated by org.testng.reporters.JUnitReportReporter -->
<testsuite hostname="BHUKRK587166L" failures="0" tests="2" name="Day1.Demo14" time="15.799" errors="0" timestamp="11 Nov 2022 11:22:16 GMT" skipped="0">
  <testcase classname="Day1.Demo14" name="f" time="8.228"/>
  <testcase classname="Day1.Demo14" name="f1" time="7.571"/>
</testsuite> <!-- Day1.Demo14 -->
