<?xml version="1.0" encoding="UTF-8"?>
<!-- Generated by org.testng.reporters.JUnitReportReporter -->
<testsuite hostname="BHUKRK587166L" failures="0" tests="10" name="Day1.Annotatations" time="0.139" errors="0" timestamp="17 Apr 2023 14:21:05 GMT" skipped="0">
  <testcase classname="Day1.Annotatations" name="f1" time="0.010"/>
  <testcase classname="Day1.Annotatations" name="f1" time="0.020"/>
  <testcase classname="Day1.Annotatations" name="f1" time="0.006"/>
  <testcase classname="Day1.Annotatations" name="f1" time="0.019"/>
  <testcase classname="Day1.Annotatations" name="f1" time="0.002"/>
  <testcase classname="Day1.Annotatations" name="f1" time="0.019"/>
  <testcase classname="Day1.Annotatations" name="f1" time="0.012"/>
  <testcase classname="Day1.Annotatations" name="f1" time="0.019"/>
  <testcase classname="Day1.Annotatations" name="f1" time="0.020"/>
  <testcase classname="Day1.Annotatations" name="f1" time="0.012"/>
</testsuite> <!-- Day1.Annotatations -->
