<?xml version="1.0" encoding="UTF-8"?>
<!-- Generated by org.testng.reporters.JUnitReportReporter -->
<testsuite hostname="BHUKRK587166L" failures="0" tests="3" name="Day1.Demo1" time="0.014" errors="0" timestamp="29 Nov 2022 17:00:32 GMT" skipped="0">
  <testcase classname="Day1.Demo1" name="f1" time="0.002"/>
  <testcase classname="Day1.Demo1" name="f2" time="0.003"/>
  <testcase classname="Day1.Demo1" name="f" time="0.009"/>
</testsuite> <!-- Day1.Demo1 -->
