<?xml version="1.0" encoding="UTF-8"?>
<!-- Generated by org.testng.reporters.JUnitReportReporter -->
<testsuite hostname="BHUKRK587166L" failures="0" tests="2" name="Day1.Demo" time="0.020" errors="0" timestamp="11 Nov 2022 11:18:46 GMT" skipped="0">
  <testcase classname="Day1.Demo" name="f1" time="0.002"/>
  <testcase classname="Day1.Demo" name="f" time="0.018"/>
</testsuite> <!-- Day1.Demo -->
