<?xml version="1.0" encoding="UTF-8"?>
<!-- Generated by org.testng.reporters.JUnitReportReporter -->
<testsuite hostname="BHUKRK587166L" failures="0" tests="3" name="Testng.Testexe" time="0.019" errors="0" timestamp="18 Oct 2022 07:40:15 GMT" skipped="0">
  <testcase classname="Testng.Testexe" name="ball" time="0.015"/>
  <testcase classname="Testng.Testexe" name="cat" time="0.002"/>
  <testcase classname="Testng.Testexe" name="apple" time="0.002"/>
</testsuite> <!-- Testng.Testexe -->
