<?xml version="1.0" encoding="UTF-8"?>
<!-- Generated by org.testng.reporters.JUnitReportReporter -->
<testsuite hostname="BHUKRK587166L" failures="0" tests="1" name="practice.groups" time="0.015" errors="0" timestamp="26 Dec 2022 14:26:34 GMT" skipped="0">
  <testcase classname="practice.groups" name="f3" time="0.015"/>
</testsuite> <!-- practice.groups -->
